<?xml version="1.0" encoding="UTF-8"?>
<testng-results skipped="0" failed="0" ignored="14" total="44" passed="30">
  <reporter-output>
  </reporter-output>
  <suite name="Calculator" duration-ms="139" started-at="2017-06-06T13:18:20Z" finished-at="2017-06-06T13:18:20Z">
    <groups>
      <group name="main">
        <method signature="CalculatorDivTest.testDiv()[pri:0, instance:runner.CalculatorDivTest@4411d970]" name="testDiv" class="runner.CalculatorDivTest"/>
        <method signature="CalculatorDivTest.testDiv()[pri:0, instance:runner.CalculatorDivTest@60f82f98]" name="testDiv" class="runner.CalculatorDivTest"/>
        <method signature="CalculatorDivTest.testDiv()[pri:0, instance:runner.CalculatorDivTest@6442b0a6]" name="testDiv" class="runner.CalculatorDivTest"/>
        <method signature="CalculatorMultLongTest.testMultLong()[pri:0, instance:runner.CalculatorMultLongTest@21bcffb5]" name="testMultLong" class="runner.CalculatorMultLongTest"/>
        <method signature="CalculatorMultLongTest.testMultLong()[pri:0, instance:runner.CalculatorMultLongTest@380fb434]" name="testMultLong" class="runner.CalculatorMultLongTest"/>
        <method signature="CalculatorMultLongTest.testMultLong()[pri:0, instance:runner.CalculatorMultLongTest@668bc3d5]" name="testMultLong" class="runner.CalculatorMultLongTest"/>
        <method signature="CalculatorPowTest.testPowDouble()[pri:0, instance:runner.CalculatorPowTest@3796751b]" name="testPowDouble" class="runner.CalculatorPowTest"/>
        <method signature="CalculatorPowTest.testPowDouble()[pri:0, instance:runner.CalculatorPowTest@67b64c45]" name="testPowDouble" class="runner.CalculatorPowTest"/>
        <method signature="CalculatorPowTest.testPowDouble()[pri:0, instance:runner.CalculatorPowTest@96532d6]" name="testPowDouble" class="runner.CalculatorPowTest"/>
        <method signature="CalculatorSubDoubleTest.testSubDouble()[pri:0, instance:runner.CalculatorSubDoubleTest@3cda1055]" name="testSubDouble" class="runner.CalculatorSubDoubleTest"/>
        <method signature="CalculatorSubDoubleTest.testSubDouble()[pri:0, instance:runner.CalculatorSubDoubleTest@7a5d012c]" name="testSubDouble" class="runner.CalculatorSubDoubleTest"/>
        <method signature="CalculatorSumDoubleTest.testSumDouble()[pri:0, instance:runner.CalculatorSumDoubleTest@73f792cf]" name="testSumDouble" class="runner.CalculatorSumDoubleTest"/>
        <method signature="CalculatorSumDoubleTest.testSumDouble()[pri:0, instance:runner.CalculatorSumDoubleTest@79698539]" name="testSumDouble" class="runner.CalculatorSumDoubleTest"/>
      </group> <!-- main -->
    </groups>
    <test name="Calculator" duration-ms="67" started-at="2017-06-06T13:18:20Z" finished-at="2017-06-06T13:18:20Z">
      <class name="runner.CalculatorSubLongTest">
        <test-method status="PASS" signature="testSub()[pri:0, instance:runner.CalculatorSubLongTest@3fb6a447]" name="testSub" duration-ms="0" started-at="2017-06-06T17:18:20Z" finished-at="2017-06-06T17:18:20Z">
          <reporter-output>
          </reporter-output>
        </test-method> <!-- testSub -->
        <test-method status="PASS" signature="testSub()[pri:0, instance:runner.CalculatorSubLongTest@79b4d0f]" name="testSub" duration-ms="0" started-at="2017-06-06T17:18:20Z" finished-at="2017-06-06T17:18:20Z">
          <reporter-output>
          </reporter-output>
        </test-method> <!-- testSub -->
        <test-method status="PASS" signature="testSub()[pri:0, instance:runner.CalculatorSubLongTest@6b2fad11]" name="testSub" duration-ms="0" started-at="2017-06-06T17:18:20Z" finished-at="2017-06-06T17:18:20Z">
          <reporter-output>
          </reporter-output>
        </test-method> <!-- testSub -->
      </class> <!-- runner.CalculatorSubLongTest -->
      <class name="runner.CalculatorMultDoubleTest">
        <test-method status="PASS" signature="testMultDouble()[pri:0, instance:runner.CalculatorMultDoubleTest@5ebec15]" name="testMultDouble" duration-ms="1" started-at="2017-06-06T17:18:20Z" finished-at="2017-06-06T17:18:20Z">
          <reporter-output>
          </reporter-output>
        </test-method> <!-- testMultDouble -->
        <test-method status="PASS" signature="testMultDouble()[pri:0, instance:runner.CalculatorMultDoubleTest@1a407d53]" name="testMultDouble" duration-ms="0" started-at="2017-06-06T17:18:20Z" finished-at="2017-06-06T17:18:20Z">
          <reporter-output>
          </reporter-output>
        </test-method> <!-- testMultDouble -->
        <test-method status="PASS" signature="testMultDouble()[pri:0, instance:runner.CalculatorMultDoubleTest@3d8c7aca]" name="testMultDouble" duration-ms="0" started-at="2017-06-06T17:18:20Z" finished-at="2017-06-06T17:18:20Z">
          <reporter-output>
          </reporter-output>
        </test-method> <!-- testMultDouble -->
      </class> <!-- runner.CalculatorMultDoubleTest -->
      <class name="runner.CalculatorIsNegativeTest">
        <test-method status="PASS" signature="testIsNegative0()[pri:0, instance:runner.CalculatorIsNegativeTest@38082d64]" name="testIsNegative0" duration-ms="0" started-at="2017-06-06T17:18:20Z" finished-at="2017-06-06T17:18:20Z">
          <reporter-output>
          </reporter-output>
        </test-method> <!-- testIsNegative0 -->
      </class> <!-- runner.CalculatorIsNegativeTest -->
      <class name="runner.CalculatorSinTest">
        <test-method status="PASS" signature="testSinDouble0()[pri:0, instance:runner.CalculatorSinTest@2ed94a8b]" name="testSinDouble0" duration-ms="11" started-at="2017-06-06T17:18:20Z" finished-at="2017-06-06T17:18:20Z">
          <reporter-output>
          </reporter-output>
        </test-method> <!-- testSinDouble0 -->
      </class> <!-- runner.CalculatorSinTest -->
      <class name="runner.CalculatorMultLongTest">
        <test-method status="PASS" signature="testMultLong()[pri:0, instance:runner.CalculatorMultLongTest@21bcffb5]" name="testMultLong" duration-ms="1" started-at="2017-06-06T17:18:20Z" finished-at="2017-06-06T17:18:20Z">
          <reporter-output>
          </reporter-output>
        </test-method> <!-- testMultLong -->
        <test-method status="PASS" signature="testMultLong()[pri:0, instance:runner.CalculatorMultLongTest@380fb434]" name="testMultLong" duration-ms="0" started-at="2017-06-06T17:18:20Z" finished-at="2017-06-06T17:18:20Z">
          <reporter-output>
          </reporter-output>
        </test-method> <!-- testMultLong -->
        <test-method status="PASS" signature="testMultLong()[pri:0, instance:runner.CalculatorMultLongTest@668bc3d5]" name="testMultLong" duration-ms="2" started-at="2017-06-06T17:18:20Z" finished-at="2017-06-06T17:18:20Z">
          <reporter-output>
          </reporter-output>
        </test-method> <!-- testMultLong -->
      </class> <!-- runner.CalculatorMultLongTest -->
      <class name="runner.CalculatorSubDoubleTest">
        <test-method status="PASS" signature="testSubDouble()[pri:0, instance:runner.CalculatorSubDoubleTest@3cda1055]" name="testSubDouble" duration-ms="0" started-at="2017-06-06T17:18:20Z" finished-at="2017-06-06T17:18:20Z">
          <reporter-output>
          </reporter-output>
        </test-method> <!-- testSubDouble -->
        <test-method status="PASS" signature="testSubDouble()[pri:0, instance:runner.CalculatorSubDoubleTest@7a5d012c]" name="testSubDouble" duration-ms="0" started-at="2017-06-06T17:18:20Z" finished-at="2017-06-06T17:18:20Z">
          <reporter-output>
          </reporter-output>
        </test-method> <!-- testSubDouble -->
      </class> <!-- runner.CalculatorSubDoubleTest -->
      <class name="runner.CalculatorSumDoubleTest">
        <test-method status="PASS" signature="testSumDouble()[pri:0, instance:runner.CalculatorSumDoubleTest@73f792cf]" name="testSumDouble" duration-ms="0" started-at="2017-06-06T17:18:20Z" finished-at="2017-06-06T17:18:20Z">
          <reporter-output>
          </reporter-output>
        </test-method> <!-- testSumDouble -->
        <test-method status="PASS" signature="testSumDouble()[pri:0, instance:runner.CalculatorSumDoubleTest@79698539]" name="testSumDouble" duration-ms="0" started-at="2017-06-06T17:18:20Z" finished-at="2017-06-06T17:18:20Z">
          <reporter-output>
          </reporter-output>
        </test-method> <!-- testSumDouble -->
      </class> <!-- runner.CalculatorSumDoubleTest -->
      <class name="runner.CalculatorPowTest">
        <test-method status="PASS" signature="testPowDouble()[pri:0, instance:runner.CalculatorPowTest@96532d6]" name="testPowDouble" duration-ms="3" started-at="2017-06-06T17:18:20Z" finished-at="2017-06-06T17:18:20Z">
          <reporter-output>
          </reporter-output>
        </test-method> <!-- testPowDouble -->
        <test-method status="PASS" signature="testPowDouble()[pri:0, instance:runner.CalculatorPowTest@67b64c45]" name="testPowDouble" duration-ms="3" started-at="2017-06-06T17:18:20Z" finished-at="2017-06-06T17:18:20Z">
          <reporter-output>
          </reporter-output>
        </test-method> <!-- testPowDouble -->
        <test-method status="PASS" signature="testPowDouble()[pri:0, instance:runner.CalculatorPowTest@3796751b]" name="testPowDouble" duration-ms="2" started-at="2017-06-06T17:18:20Z" finished-at="2017-06-06T17:18:20Z">
          <reporter-output>
          </reporter-output>
        </test-method> <!-- testPowDouble -->
      </class> <!-- runner.CalculatorPowTest -->
      <class name="runner.CalclulatorTest">
        <test-method status="PASS" signature="testSum()[pri:0, instance:runner.CalclulatorTest@3ac3fd8b]" name="testSum" duration-ms="16" started-at="2017-06-06T17:18:20Z" finished-at="2017-06-06T17:18:20Z">
          <reporter-output>
          </reporter-output>
        </test-method> <!-- testSum -->
        <test-method status="PASS" signature="testSum()[pri:0, instance:runner.CalclulatorTest@6a5fc7f7]" name="testSum" duration-ms="12" started-at="2017-06-06T17:18:20Z" finished-at="2017-06-06T17:18:20Z">
          <reporter-output>
          </reporter-output>
        </test-method> <!-- testSum -->
        <test-method status="PASS" signature="testSum()[pri:0, instance:runner.CalclulatorTest@5594a1b5]" name="testSum" duration-ms="11" started-at="2017-06-06T17:18:20Z" finished-at="2017-06-06T17:18:20Z">
          <reporter-output>
          </reporter-output>
        </test-method> <!-- testSum -->
      </class> <!-- runner.CalclulatorTest -->
      <class name="runner.CalculatorDivTest">
        <test-method status="PASS" signature="beforeGroup()[pri:0, instance:runner.CalculatorDivTest@60f82f98]" name="beforeGroup" is-config="true" duration-ms="1" started-at="2017-06-06T17:18:20Z" finished-at="2017-06-06T17:18:20Z">
          <reporter-output>
          </reporter-output>
        </test-method> <!-- beforeGroup -->
        <test-method status="PASS" signature="setUp()[pri:0, instance:runner.CalculatorDivTest@60f82f98]" name="setUp" is-config="true" duration-ms="2" started-at="2017-06-06T17:18:20Z" finished-at="2017-06-06T17:18:20Z">
          <reporter-output>
          </reporter-output>
        </test-method> <!-- setUp -->
        <test-method status="PASS" signature="setUp()[pri:0, instance:runner.CalculatorDivTest@60f82f98]" name="setUp" is-config="true" duration-ms="1" started-at="2017-06-06T17:18:20Z" finished-at="2017-06-06T17:18:20Z">
          <reporter-output>
          </reporter-output>
        </test-method> <!-- setUp -->
        <test-method status="PASS" signature="beforeMethod()[pri:0, instance:runner.CalculatorDivTest@60f82f98]" name="beforeMethod" is-config="true" duration-ms="0" started-at="2017-06-06T17:18:20Z" finished-at="2017-06-06T17:18:20Z">
          <reporter-output>
          </reporter-output>
        </test-method> <!-- beforeMethod -->
        <test-method status="PASS" signature="testDivByZero()[pri:0, instance:runner.CalculatorDivTest@4411d970]" name="testDivByZero" duration-ms="1" started-at="2017-06-06T17:18:20Z" finished-at="2017-06-06T17:18:20Z">
          <exception class="java.lang.NumberFormatException">
            <message>
              <![CDATA[Attempt to divide by zero]]>
            </message>
            <full-stacktrace>
              <![CDATA[java.lang.NumberFormatException: Attempt to divide by zero
	at com.epam.tat.module4.Calculator.div(Calculator.java:34)
	at runner.CalculatorDivTest.testDivByZero(CalculatorDivTest.java:32)
	at sun.reflect.NativeMethodAccessorImpl.invoke0(Native Method)
	at sun.reflect.NativeMethodAccessorImpl.invoke(NativeMethodAccessorImpl.java:62)
	at sun.reflect.DelegatingMethodAccessorImpl.invoke(DelegatingMethodAccessorImpl.java:43)
	at java.lang.reflect.Method.invoke(Method.java:498)
	at org.testng.internal.MethodInvocationHelper.invokeMethod(MethodInvocationHelper.java:108)
	at org.testng.internal.Invoker.invokeMethod(Invoker.java:661)
	at org.testng.internal.Invoker.invokeTestMethod(Invoker.java:869)
	at org.testng.internal.Invoker.invokeTestMethods(Invoker.java:1193)
	at org.testng.internal.TestMethodWorker.invokeTestMethods(TestMethodWorker.java:126)
	at org.testng.internal.TestMethodWorker.run(TestMethodWorker.java:109)
	at java.util.concurrent.ThreadPoolExecutor.runWorker(ThreadPoolExecutor.java:1142)
	at java.util.concurrent.ThreadPoolExecutor$Worker.run(ThreadPoolExecutor.java:617)
	at java.lang.Thread.run(Thread.java:745)
]]>
            </full-stacktrace>
          </exception> <!-- java.lang.NumberFormatException -->
          <reporter-output>
          </reporter-output>
        </test-method> <!-- testDivByZero -->
        <test-method status="PASS" signature="beforeMethod()[pri:0, instance:runner.CalculatorDivTest@60f82f98]" name="beforeMethod" is-config="true" duration-ms="0" started-at="2017-06-06T17:18:20Z" finished-at="2017-06-06T17:18:20Z">
          <reporter-output>
          </reporter-output>
        </test-method> <!-- beforeMethod -->
        <test-method status="PASS" signature="testDiv()[pri:0, instance:runner.CalculatorDivTest@6442b0a6]" name="testDiv" duration-ms="0" started-at="2017-06-06T17:18:20Z" finished-at="2017-06-06T17:18:20Z">
          <reporter-output>
          </reporter-output>
        </test-method> <!-- testDiv -->
        <test-method status="PASS" signature="setUp()[pri:0, instance:runner.CalculatorDivTest@60f82f98]" name="setUp" is-config="true" duration-ms="0" started-at="2017-06-06T17:18:20Z" finished-at="2017-06-06T17:18:20Z">
          <reporter-output>
          </reporter-output>
        </test-method> <!-- setUp -->
        <test-method status="PASS" signature="beforeMethod()[pri:0, instance:runner.CalculatorDivTest@60f82f98]" name="beforeMethod" is-config="true" duration-ms="0" started-at="2017-06-06T17:18:20Z" finished-at="2017-06-06T17:18:20Z">
          <reporter-output>
          </reporter-output>
        </test-method> <!-- beforeMethod -->
        <test-method status="PASS" signature="testDivByZero()[pri:0, instance:runner.CalculatorDivTest@60f82f98]" name="testDivByZero" duration-ms="0" started-at="2017-06-06T17:18:20Z" finished-at="2017-06-06T17:18:20Z">
          <exception class="java.lang.NumberFormatException">
            <message>
              <![CDATA[Attempt to divide by zero]]>
            </message>
            <full-stacktrace>
              <![CDATA[java.lang.NumberFormatException: Attempt to divide by zero
	at com.epam.tat.module4.Calculator.div(Calculator.java:34)
	at runner.CalculatorDivTest.testDivByZero(CalculatorDivTest.java:32)
	at sun.reflect.NativeMethodAccessorImpl.invoke0(Native Method)
	at sun.reflect.NativeMethodAccessorImpl.invoke(NativeMethodAccessorImpl.java:62)
	at sun.reflect.DelegatingMethodAccessorImpl.invoke(DelegatingMethodAccessorImpl.java:43)
	at java.lang.reflect.Method.invoke(Method.java:498)
	at org.testng.internal.MethodInvocationHelper.invokeMethod(MethodInvocationHelper.java:108)
	at org.testng.internal.Invoker.invokeMethod(Invoker.java:661)
	at org.testng.internal.Invoker.invokeTestMethod(Invoker.java:869)
	at org.testng.internal.Invoker.invokeTestMethods(Invoker.java:1193)
	at org.testng.internal.TestMethodWorker.invokeTestMethods(TestMethodWorker.java:126)
	at org.testng.internal.TestMethodWorker.run(TestMethodWorker.java:109)
	at java.util.concurrent.ThreadPoolExecutor.runWorker(ThreadPoolExecutor.java:1142)
	at java.util.concurrent.ThreadPoolExecutor$Worker.run(ThreadPoolExecutor.java:617)
	at java.lang.Thread.run(Thread.java:745)
]]>
            </full-stacktrace>
          </exception> <!-- java.lang.NumberFormatException -->
          <reporter-output>
          </reporter-output>
        </test-method> <!-- testDivByZero -->
        <test-method status="PASS" signature="beforeMethod()[pri:0, instance:runner.CalculatorDivTest@60f82f98]" name="beforeMethod" is-config="true" duration-ms="1" started-at="2017-06-06T17:18:20Z" finished-at="2017-06-06T17:18:20Z">
          <reporter-output>
          </reporter-output>
        </test-method> <!-- beforeMethod -->
        <test-method status="PASS" signature="beforeMethod()[pri:0, instance:runner.CalculatorDivTest@60f82f98]" name="beforeMethod" is-config="true" duration-ms="2" started-at="2017-06-06T17:18:20Z" finished-at="2017-06-06T17:18:20Z">
          <reporter-output>
          </reporter-output>
        </test-method> <!-- beforeMethod -->
        <test-method status="PASS" signature="afterClass()[pri:0, instance:runner.CalculatorDivTest@60f82f98]" name="afterClass" is-config="true" duration-ms="1" started-at="2017-06-06T17:18:20Z" finished-at="2017-06-06T17:18:20Z">
          <reporter-output>
          </reporter-output>
        </test-method> <!-- afterClass -->
        <test-method status="PASS" signature="testDiv()[pri:0, instance:runner.CalculatorDivTest@60f82f98]" name="testDiv" duration-ms="0" started-at="2017-06-06T17:18:20Z" finished-at="2017-06-06T17:18:20Z">
          <reporter-output>
          </reporter-output>
        </test-method> <!-- testDiv -->
        <test-method status="PASS" signature="afterClass()[pri:0, instance:runner.CalculatorDivTest@60f82f98]" name="afterClass" is-config="true" duration-ms="0" started-at="2017-06-06T17:18:20Z" finished-at="2017-06-06T17:18:20Z">
          <reporter-output>
          </reporter-output>
        </test-method> <!-- afterClass -->
        <test-method status="PASS" signature="testDivByZero()[pri:0, instance:runner.CalculatorDivTest@6442b0a6]" name="testDivByZero" duration-ms="0" started-at="2017-06-06T17:18:20Z" finished-at="2017-06-06T17:18:20Z">
          <exception class="java.lang.NumberFormatException">
            <message>
              <![CDATA[Attempt to divide by zero]]>
            </message>
            <full-stacktrace>
              <![CDATA[java.lang.NumberFormatException: Attempt to divide by zero
	at com.epam.tat.module4.Calculator.div(Calculator.java:34)
	at runner.CalculatorDivTest.testDivByZero(CalculatorDivTest.java:32)
	at sun.reflect.NativeMethodAccessorImpl.invoke0(Native Method)
	at sun.reflect.NativeMethodAccessorImpl.invoke(NativeMethodAccessorImpl.java:62)
	at sun.reflect.DelegatingMethodAccessorImpl.invoke(DelegatingMethodAccessorImpl.java:43)
	at java.lang.reflect.Method.invoke(Method.java:498)
	at org.testng.internal.MethodInvocationHelper.invokeMethod(MethodInvocationHelper.java:108)
	at org.testng.internal.Invoker.invokeMethod(Invoker.java:661)
	at org.testng.internal.Invoker.invokeTestMethod(Invoker.java:869)
	at org.testng.internal.Invoker.invokeTestMethods(Invoker.java:1193)
	at org.testng.internal.TestMethodWorker.invokeTestMethods(TestMethodWorker.java:126)
	at org.testng.internal.TestMethodWorker.run(TestMethodWorker.java:109)
	at java.util.concurrent.ThreadPoolExecutor.runWorker(ThreadPoolExecutor.java:1142)
	at java.util.concurrent.ThreadPoolExecutor$Worker.run(ThreadPoolExecutor.java:617)
	at java.lang.Thread.run(Thread.java:745)
]]>
            </full-stacktrace>
          </exception> <!-- java.lang.NumberFormatException -->
          <reporter-output>
          </reporter-output>
        </test-method> <!-- testDivByZero -->
        <test-method status="PASS" signature="beforeMethod()[pri:0, instance:runner.CalculatorDivTest@60f82f98]" name="beforeMethod" is-config="true" duration-ms="1" started-at="2017-06-06T17:18:20Z" finished-at="2017-06-06T17:18:20Z">
          <reporter-output>
          </reporter-output>
        </test-method> <!-- beforeMethod -->
        <test-method status="PASS" signature="testDiv()[pri:0, instance:runner.CalculatorDivTest@4411d970]" name="testDiv" duration-ms="1" started-at="2017-06-06T17:18:20Z" finished-at="2017-06-06T17:18:20Z">
          <reporter-output>
          </reporter-output>
        </test-method> <!-- testDiv -->
        <test-method status="PASS" signature="afterClass()[pri:0, instance:runner.CalculatorDivTest@60f82f98]" name="afterClass" is-config="true" duration-ms="0" started-at="2017-06-06T17:18:20Z" finished-at="2017-06-06T17:18:20Z">
          <reporter-output>
          </reporter-output>
        </test-method> <!-- afterClass -->
      </class> <!-- runner.CalculatorDivTest -->
      <class name="runner.CalculatorIsPositiveTest">
        <test-method status="PASS" signature="testIsPositive()[pri:0, instance:runner.CalculatorIsPositiveTest@13969fbe]" name="testIsPositive" duration-ms="2" started-at="2017-06-06T17:18:20Z" finished-at="2017-06-06T17:18:20Z">
          <reporter-output>
          </reporter-output>
        </test-method> <!-- testIsPositive -->
        <test-method status="PASS" signature="testIsPositive()[pri:0, instance:runner.CalculatorIsPositiveTest@6aaa5eb0]" name="testIsPositive" duration-ms="0" started-at="2017-06-06T17:18:20Z" finished-at="2017-06-06T17:18:20Z">
          <reporter-output>
          </reporter-output>
        </test-method> <!-- testIsPositive -->
        <test-method status="PASS" signature="testIsPositive()[pri:0, instance:runner.CalculatorIsPositiveTest@3498ed]" name="testIsPositive" duration-ms="1" started-at="2017-06-06T17:18:20Z" finished-at="2017-06-06T17:18:20Z">
          <reporter-output>
          </reporter-output>
        </test-method> <!-- testIsPositive -->
      </class> <!-- runner.CalculatorIsPositiveTest -->
    </test> <!-- Calculator -->
    <test name="test2" duration-ms="0" started-at="2017-06-06T13:18:20Z" finished-at="2017-06-06T13:18:20Z">
    </test> <!-- test2 -->
  </suite> <!-- Calculator -->
</testng-results>
